Using pre-set license
Built from '2020.3/staging' branch; Version is '2020.3.38f1 (8f5fde82e2dc) revision 9396190'; Using compiler version '192528614'; Build Type 'Release'
OS: 'Windows 11  (10.0.22621) 64bit Professional' Language: 'ko' Physical Memory: 32620 MB
BatchMode: 1, IsHumanControllingUs: 0, StartBugReporterOnCrash: 0, Is64bit: 1, IsPro: 0

COMMAND LINE ARGUMENTS:
C:\Program Files\Unity\Hub\Editor\2020.3.38f1\Editor\Unity.exe
-adb2
-batchMode
-noUpm
-name
AssetImportWorker0
-projectPath
C:/Users/r283/Desktop/Github/ComputerGraphicsUnity/PuckMan3D
-logFile
Logs/AssetImportWorker0.log
-srvPort
56317
Successfully changed project path to: C:/Users/r283/Desktop/Github/ComputerGraphicsUnity/PuckMan3D
C:/Users/r283/Desktop/Github/ComputerGraphicsUnity/PuckMan3D
Using Asset Import Pipeline V2.
Refreshing native plugins compatible for Editor in 25.07 ms, found 2 plugins.
Preloading 0 native plugins for Editor in 0.00 ms.
Initialize engine version: 2020.3.38f1 (8f5fde82e2dc)
[Subsystems] Discovering subsystems at path C:/Program Files/Unity/Hub/Editor/2020.3.38f1/Editor/Data/Resources/UnitySubsystems
[Subsystems] Discovering subsystems at path C:/Users/r283/Desktop/Github/ComputerGraphicsUnity/PuckMan3D/Assets
GfxDevice: creating device client; threaded=0
Direct3D:
    Version:  Direct3D 11.0 [level 11.1]
    Renderer: NVIDIA GeForce RTX 3070 Laptop GPU (ID=0x24dd)
    Vendor:   
    VRAM:     8033 MB
    Driver:   31.0.15.2686
Initialize mono
Mono path[0] = 'C:/Program Files/Unity/Hub/Editor/2020.3.38f1/Editor/Data/Managed'
Mono path[1] = 'C:/Program Files/Unity/Hub/Editor/2020.3.38f1/Editor/Data/MonoBleedingEdge/lib/mono/unityjit'
Mono config path = 'C:/Program Files/Unity/Hub/Editor/2020.3.38f1/Editor/Data/MonoBleedingEdge/etc'
Using monoOptions --debugger-agent=transport=dt_socket,embedding=1,server=y,suspend=n,address=127.0.0.1:56840
Begin MonoManager ReloadAssembly
Registering precompiled unity dll's ...
Register platform support module: C:/Program Files/Unity/Hub/Editor/2020.3.38f1/Editor/Data/PlaybackEngines/WindowsStandaloneSupport/UnityEditor.WindowsStandalone.Extensions.dll
Registered in 0.001638 seconds.
Native extension for WindowsStandalone target not found
Refreshing native plugins compatible for Editor in 24.28 ms, found 2 plugins.
Preloading 0 native plugins for Editor in 0.00 ms.
Mono: successfully reloaded assembly
- Completed reload, in  0.423 seconds
Domain Reload Profiling:
	ReloadAssembly (423ms)
		BeginReloadAssembly (56ms)
			ExecutionOrderSort (0ms)
			DisableScriptedObjects (0ms)
			BackupInstance (0ms)
			ReleaseScriptingObjects (0ms)
			CreateAndSetChildDomain (1ms)
		EndReloadAssembly (314ms)
			LoadAssemblies (54ms)
			RebuildTransferFunctionScriptingTraits (0ms)
			SetupTypeCache (95ms)
			ReleaseScriptCaches (0ms)
			RebuildScriptCaches (21ms)
			SetupLoadedEditorAssemblies (120ms)
				LogAssemblyErrors (0ms)
				InitializePlatformSupportModulesInManaged (4ms)
				SetLoadedEditorAssemblies (0ms)
				RefreshPlugins (24ms)
				BeforeProcessingInitializeOnLoad (13ms)
				ProcessInitializeOnLoadAttributes (57ms)
				ProcessInitializeOnLoadMethodAttributes (21ms)
				AfterProcessingInitializeOnLoad (0ms)
				EditorAssembliesLoaded (0ms)
			ExecutionOrderSort2 (0ms)
			AwakeInstancesAfterBackupRestoration (0ms)
Platform modules already initialized, skipping
Registering precompiled user dll's ...
Registered in 0.003625 seconds.
Begin MonoManager ReloadAssembly
Native extension for WindowsStandalone target not found
Refreshing native plugins compatible for Editor in 0.37 ms, found 2 plugins.
Preloading 0 native plugins for Editor in 0.00 ms.
Mono: successfully reloaded assembly
- Completed reload, in  0.737 seconds
Domain Reload Profiling:
	ReloadAssembly (738ms)
		BeginReloadAssembly (113ms)
			ExecutionOrderSort (0ms)
			DisableScriptedObjects (4ms)
			BackupInstance (0ms)
			ReleaseScriptingObjects (0ms)
			CreateAndSetChildDomain (16ms)
		EndReloadAssembly (581ms)
			LoadAssemblies (74ms)
			RebuildTransferFunctionScriptingTraits (0ms)
			SetupTypeCache (180ms)
			ReleaseScriptCaches (0ms)
			RebuildScriptCaches (37ms)
			SetupLoadedEditorAssemblies (235ms)
				LogAssemblyErrors (0ms)
				InitializePlatformSupportModulesInManaged (6ms)
				SetLoadedEditorAssemblies (0ms)
				RefreshPlugins (0ms)
				BeforeProcessingInitializeOnLoad (64ms)
				ProcessInitializeOnLoadAttributes (148ms)
				ProcessInitializeOnLoadMethodAttributes (10ms)
				AfterProcessingInitializeOnLoad (6ms)
				EditorAssembliesLoaded (0ms)
			ExecutionOrderSort2 (0ms)
			AwakeInstancesAfterBackupRestoration (2ms)
Platform modules already initialized, skipping
========================================================================
Worker process is ready to serve import requests
Launched and connected shader compiler UnityShaderCompiler.exe after 0.04 seconds
Refreshing native plugins compatible for Editor in 0.34 ms, found 2 plugins.
Preloading 0 native plugins for Editor in 0.00 ms.
Unloading 1521 Unused Serialized files (Serialized files now loaded: 0)
System memory in use before: 69.1 MB.
System memory in use after: 69.1 MB.

Unloading 17 unused Assets to reduce memory usage. Loaded Objects now: 1957.
Total: 2.413100 ms (FindLiveObjects: 0.105400 ms CreateObjectMapping: 0.036300 ms MarkObjects: 2.195200 ms  DeleteObjects: 0.075400 ms)

AssetImportParameters requested are different than current active one (requested -> active):
  custom:framework-win-MediaFoundation: 216162199b28c13a410421893ffa2e32 -> 
  custom:video-decoder-ogg-theora: a1e56fd34408186e4bbccfd4996cb3dc -> 
  custom:container-muxer-webm: aa71ff27fc2769a1b78a27578f13a17b -> 
  custom:container-demuxer-webm: 4f35f7cbe854078d1ac9338744f61a02 -> 
  custom:container-demuxer-ogg: 62fdf1f143b41e24485cea50d1cbac27 -> 
  custom:video-encoder-webm-vp8: eb34c28f22e8b96e1ab97ce403110664 -> 
  custom:video-codec-MediaFoundation-h265: 746d11721c4dcdbdad8f713fa42b33f4 -> 
  custom:video-decoder-webm-vp8: 9c59270c3fd7afecdb556c50c9e8de78 -> 
  custom:audio-decoder-ogg-vorbis: bf7c407c2cedff20999df2af8eb42d56 -> 
  custom:audio-encoder-webm-vorbis: bf7c407c2cedff20999df2af8eb42d56 -> 
========================================================================
Received Import Request.
  path: Assets/Scenes
  artifactKey: Guid(6ea315d0fd7389c41b19996891e99ae3) Importer(815301076,1909f56bfc062723c751e8b465ee728b)
Start importing Assets/Scenes using Guid(6ea315d0fd7389c41b19996891e99ae3) Importer(815301076,1909f56bfc062723c751e8b465ee728b)  -> (artifact id: '9168112a17b07f3ee034ca0d2dc1544d') in 0.008993 seconds 
========================================================================
Received Import Request.
  Time since last request: 3.575919 seconds.
  path: Assets/Scenes/Main.unity
  artifactKey: Guid(9fa4c2b0dff0d0e4fb37d0f6ae8470dc) Importer(815301076,1909f56bfc062723c751e8b465ee728b)
Start importing Assets/Scenes/Main.unity using Guid(9fa4c2b0dff0d0e4fb37d0f6ae8470dc) Importer(815301076,1909f56bfc062723c751e8b465ee728b)  -> (artifact id: '97cb73681765fd9bc91c9116eb276ad4') in 0.006082 seconds 
========================================================================
Received Import Request.
  Time since last request: 122.871019 seconds.
  path: Assets
  artifactKey: Guid(00000000000000001000000000000000) Importer(815301076,1909f56bfc062723c751e8b465ee728b)
Start importing Assets using Guid(00000000000000001000000000000000) Importer(815301076,1909f56bfc062723c751e8b465ee728b)  -> (artifact id: '42d402b061de3733987d63b9cc3b64de') in 0.006645 seconds 
========================================================================
Received Import Request.
  Time since last request: 12.677198 seconds.
  path: Assets/Gray.mat
  artifactKey: Guid(fc52ba8e82fc9c94cada9539aeaab27b) Importer(815301076,1909f56bfc062723c751e8b465ee728b)
Start importing Assets/Gray.mat using Guid(fc52ba8e82fc9c94cada9539aeaab27b) Importer(815301076,1909f56bfc062723c751e8b465ee728b)  -> (artifact id: 'd6e3e9c2aaa7fa4699c1e1764a29ad82') in 0.091376 seconds 
========================================================================
Received Import Request.
  Time since last request: 70.980895 seconds.
  path: Assets/Gray.mat
  artifactKey: Guid(fc52ba8e82fc9c94cada9539aeaab27b) Importer(815301076,1909f56bfc062723c751e8b465ee728b)
Start importing Assets/Gray.mat using Guid(fc52ba8e82fc9c94cada9539aeaab27b) Importer(815301076,1909f56bfc062723c751e8b465ee728b)  -> (artifact id: '4e3b5eb383e5cd5ed4215f491acc7152') in 0.027870 seconds 
========================================================================
Received Import Request.
  Time since last request: 18.785170 seconds.
  path: Assets/Materials
  artifactKey: Guid(3076af2046f823e4f85ae56728d375af) Importer(815301076,1909f56bfc062723c751e8b465ee728b)
Start importing Assets/Materials using Guid(3076af2046f823e4f85ae56728d375af) Importer(815301076,1909f56bfc062723c751e8b465ee728b)  -> (artifact id: '2de5c15a76d4cf76933ae2fbc1717909') in 0.005545 seconds 
========================================================================
Received Prepare
Registering precompiled user dll's ...
Registered in 0.002752 seconds.
Begin MonoManager ReloadAssembly
Native extension for WindowsStandalone target not found
Refreshing native plugins compatible for Editor in 0.36 ms, found 2 plugins.
Preloading 0 native plugins for Editor in 0.00 ms.
Mono: successfully reloaded assembly
- Completed reload, in  0.695 seconds
Domain Reload Profiling:
	ReloadAssembly (696ms)
		BeginReloadAssembly (95ms)
			ExecutionOrderSort (0ms)
			DisableScriptedObjects (3ms)
			BackupInstance (0ms)
			ReleaseScriptingObjects (0ms)
			CreateAndSetChildDomain (28ms)
		EndReloadAssembly (556ms)
			LoadAssemblies (73ms)
			RebuildTransferFunctionScriptingTraits (0ms)
			SetupTypeCache (190ms)
			ReleaseScriptCaches (1ms)
			RebuildScriptCaches (24ms)
			SetupLoadedEditorAssemblies (221ms)
				LogAssemblyErrors (0ms)
				InitializePlatformSupportModulesInManaged (3ms)
				SetLoadedEditorAssemblies (0ms)
				RefreshPlugins (0ms)
				BeforeProcessingInitializeOnLoad (56ms)
				ProcessInitializeOnLoadAttributes (144ms)
				ProcessInitializeOnLoadMethodAttributes (10ms)
				AfterProcessingInitializeOnLoad (6ms)
				EditorAssembliesLoaded (0ms)
			ExecutionOrderSort2 (0ms)
			AwakeInstancesAfterBackupRestoration (2ms)
Platform modules already initialized, skipping
Refreshing native plugins compatible for Editor in 0.34 ms, found 2 plugins.
Preloading 0 native plugins for Editor in 0.00 ms.
Unloading 1516 Unused Serialized files (Serialized files now loaded: 0)
System memory in use before: 72.4 MB.
System memory in use after: 72.4 MB.

Unloading 12 unused Assets to reduce memory usage. Loaded Objects now: 2001.
Total: 2.313800 ms (FindLiveObjects: 0.126300 ms CreateObjectMapping: 0.036300 ms MarkObjects: 2.092000 ms  DeleteObjects: 0.058400 ms)

AssetImportParameters requested are different than current active one (requested -> active):
  custom:framework-win-MediaFoundation: 216162199b28c13a410421893ffa2e32 -> 
  custom:video-decoder-ogg-theora: a1e56fd34408186e4bbccfd4996cb3dc -> 
  custom:container-muxer-webm: aa71ff27fc2769a1b78a27578f13a17b -> 
  custom:container-demuxer-webm: 4f35f7cbe854078d1ac9338744f61a02 -> 
  custom:container-demuxer-ogg: 62fdf1f143b41e24485cea50d1cbac27 -> 
  custom:video-encoder-webm-vp8: eb34c28f22e8b96e1ab97ce403110664 -> 
  custom:video-codec-MediaFoundation-h265: 746d11721c4dcdbdad8f713fa42b33f4 -> 
  custom:video-decoder-webm-vp8: 9c59270c3fd7afecdb556c50c9e8de78 -> 
  custom:audio-decoder-ogg-vorbis: bf7c407c2cedff20999df2af8eb42d56 -> 
  custom:audio-encoder-webm-vorbis: bf7c407c2cedff20999df2af8eb42d56 -> 
========================================================================
Received Prepare
Refreshing native plugins compatible for Editor in 2.53 ms, found 2 plugins.
Preloading 0 native plugins for Editor in 0.00 ms.
Unloading 10 Unused Serialized files (Serialized files now loaded: 0)
System memory in use before: 42.4 MB.
System memory in use after: 42.5 MB.

Unloading 10 unused Assets to reduce memory usage. Loaded Objects now: 2001.
Total: 2.277500 ms (FindLiveObjects: 0.129700 ms CreateObjectMapping: 0.037600 ms MarkObjects: 2.072200 ms  DeleteObjects: 0.037200 ms)

AssetImportParameters requested are different than current active one (requested -> active):
  custom:framework-win-MediaFoundation: 216162199b28c13a410421893ffa2e32 -> 
  custom:video-decoder-ogg-theora: a1e56fd34408186e4bbccfd4996cb3dc -> 
  custom:container-muxer-webm: aa71ff27fc2769a1b78a27578f13a17b -> 
  custom:container-demuxer-webm: 4f35f7cbe854078d1ac9338744f61a02 -> 
  custom:container-demuxer-ogg: 62fdf1f143b41e24485cea50d1cbac27 -> 
  custom:video-encoder-webm-vp8: eb34c28f22e8b96e1ab97ce403110664 -> 
  custom:video-codec-MediaFoundation-h265: 746d11721c4dcdbdad8f713fa42b33f4 -> 
  custom:video-decoder-webm-vp8: 9c59270c3fd7afecdb556c50c9e8de78 -> 
  custom:audio-decoder-ogg-vorbis: bf7c407c2cedff20999df2af8eb42d56 -> 
  custom:audio-encoder-webm-vorbis: bf7c407c2cedff20999df2af8eb42d56 -> 
========================================================================
Received Import Request.
  Time since last request: 1660.806458 seconds.
  path: Assets/Profab
  artifactKey: Guid(1112a3179402ad94b972fcb28fb26a10) Importer(815301076,1909f56bfc062723c751e8b465ee728b)
Start importing Assets/Profab using Guid(1112a3179402ad94b972fcb28fb26a10) Importer(815301076,1909f56bfc062723c751e8b465ee728b)  -> (artifact id: '2b5d7c46312f85b9ceccc75e17fa7d15') in 0.006380 seconds 
========================================================================
Received Import Request.
  Time since last request: 2.827165 seconds.
  path: Assets/Profab/MoveBlack.prefab
  artifactKey: Guid(b477f34eabafaa2498c28353a7aef54f) Importer(815301076,1909f56bfc062723c751e8b465ee728b)
Start importing Assets/Profab/MoveBlack.prefab using Guid(b477f34eabafaa2498c28353a7aef54f) Importer(815301076,1909f56bfc062723c751e8b465ee728b)  -> (artifact id: '1b1e16e3bd95394d96d21e78b00433bb') in 0.057525 seconds 
========================================================================
Received Import Request.
  Time since last request: 216.599501 seconds.
  path: Assets/Profab/black2.prefab
  artifactKey: Guid(a047e63c9954d314dac427ccab1b572c) Importer(815301076,1909f56bfc062723c751e8b465ee728b)
Start importing Assets/Profab/black2.prefab using Guid(a047e63c9954d314dac427ccab1b572c) Importer(815301076,1909f56bfc062723c751e8b465ee728b)  -> (artifact id: '3d58154e96f83146b4f27481f7328728') in 0.069821 seconds 
========================================================================
Received Import Request.
  Time since last request: 2.540955 seconds.
  path: Assets/Profab/black.prefab
  artifactKey: Guid(0a5100d6b8ca2fd4a8562c80bd3c0850) Importer(815301076,1909f56bfc062723c751e8b465ee728b)
Start importing Assets/Profab/black.prefab using Guid(0a5100d6b8ca2fd4a8562c80bd3c0850) Importer(815301076,1909f56bfc062723c751e8b465ee728b)  -> (artifact id: '0415fa72f2ab9f1e01811203033c39b4') in 0.045511 seconds 
========================================================================
Received Import Request.
  Time since last request: 990.978321 seconds.
  path: Assets/Profab/MoveBlack.prefab
  artifactKey: Guid(b477f34eabafaa2498c28353a7aef54f) Importer(815301076,1909f56bfc062723c751e8b465ee728b)
Start importing Assets/Profab/MoveBlack.prefab using Guid(b477f34eabafaa2498c28353a7aef54f) Importer(815301076,1909f56bfc062723c751e8b465ee728b)  -> (artifact id: '3fffa0c0eba6a4ccdf53106fdb32cedd') in 0.030561 seconds 
========================================================================
Received Import Request.
  Time since last request: 2.567234 seconds.
  path: Assets/Profab/MoveBlack.prefab
  artifactKey: Guid(b477f34eabafaa2498c28353a7aef54f) Importer(815301076,1909f56bfc062723c751e8b465ee728b)
Start importing Assets/Profab/MoveBlack.prefab using Guid(b477f34eabafaa2498c28353a7aef54f) Importer(815301076,1909f56bfc062723c751e8b465ee728b)  -> (artifact id: '65d9d7f7197e3157309126fd82614b44') in 0.044677 seconds 
========================================================================
Received Import Request.
  Time since last request: 5.386525 seconds.
  path: Assets/Profab/MoveBlack.prefab
  artifactKey: Guid(b477f34eabafaa2498c28353a7aef54f) Importer(815301076,1909f56bfc062723c751e8b465ee728b)
Start importing Assets/Profab/MoveBlack.prefab using Guid(b477f34eabafaa2498c28353a7aef54f) Importer(815301076,1909f56bfc062723c751e8b465ee728b)  -> (artifact id: '7950fa452e8a4c7da20304577a4aa08c') in 0.041443 seconds 
========================================================================
Received Import Request.
  Time since last request: 2.143065 seconds.
  path: Assets/Profab/MoveBlack.prefab
  artifactKey: Guid(b477f34eabafaa2498c28353a7aef54f) Importer(815301076,1909f56bfc062723c751e8b465ee728b)
Start importing Assets/Profab/MoveBlack.prefab using Guid(b477f34eabafaa2498c28353a7aef54f) Importer(815301076,1909f56bfc062723c751e8b465ee728b)  -> (artifact id: '9a2ffc3a0c75549c751e4674e0d07e90') in 0.031343 seconds 
========================================================================
Received Import Request.
  Time since last request: 639.104683 seconds.
  path: Assets/Profab/Maze.prefab
  artifactKey: Guid(0db024e03c2bcf24b90ba5b76480f654) Importer(815301076,1909f56bfc062723c751e8b465ee728b)
Start importing Assets/Profab/Maze.prefab using Guid(0db024e03c2bcf24b90ba5b76480f654) Importer(815301076,1909f56bfc062723c751e8b465ee728b)  -> (artifact id: '3aaad59624eb9004ac5e3b86773747db') in 0.034185 seconds 
========================================================================
Received Import Request.
  Time since last request: 879.593221 seconds.
  path: Assets/Profab/Maze.prefab
  artifactKey: Guid(0db024e03c2bcf24b90ba5b76480f654) Importer(815301076,1909f56bfc062723c751e8b465ee728b)
Start importing Assets/Profab/Maze.prefab using Guid(0db024e03c2bcf24b90ba5b76480f654) Importer(815301076,1909f56bfc062723c751e8b465ee728b)  -> (artifact id: 'e05698e821982091ab0284f9739475a8') in 0.021180 seconds 
========================================================================
Received Import Request.
  Time since last request: 0.370532 seconds.
  path: Assets/Profab/Maze.prefab
  artifactKey: Guid(0db024e03c2bcf24b90ba5b76480f654) Importer(815301076,1909f56bfc062723c751e8b465ee728b)
Start importing Assets/Profab/Maze.prefab using Guid(0db024e03c2bcf24b90ba5b76480f654) Importer(815301076,1909f56bfc062723c751e8b465ee728b)  -> (artifact id: '99e10c44019aa2368c21c144dad215c0') in 0.020529 seconds 
========================================================================
Received Import Request.
  Time since last request: 0.784619 seconds.
  path: Assets/Profab/Maze.prefab
  artifactKey: Guid(0db024e03c2bcf24b90ba5b76480f654) Importer(815301076,1909f56bfc062723c751e8b465ee728b)
Start importing Assets/Profab/Maze.prefab using Guid(0db024e03c2bcf24b90ba5b76480f654) Importer(815301076,1909f56bfc062723c751e8b465ee728b)  -> (artifact id: 'e97f9a3ca09b18449a5721bd7f089b31') in 0.016361 seconds 
========================================================================
Received Import Request.
  Time since last request: 4.426866 seconds.
  path: Assets/Profab/Maze.prefab
  artifactKey: Guid(0db024e03c2bcf24b90ba5b76480f654) Importer(815301076,1909f56bfc062723c751e8b465ee728b)
Start importing Assets/Profab/Maze.prefab using Guid(0db024e03c2bcf24b90ba5b76480f654) Importer(815301076,1909f56bfc062723c751e8b465ee728b)  -> (artifact id: '04ba5d3bb0299d2ceb51b09c00774868') in 0.008073 seconds 
========================================================================
Received Import Request.
  Time since last request: 133.532444 seconds.
  path: Assets/Profab/Maze.prefab
  artifactKey: Guid(0db024e03c2bcf24b90ba5b76480f654) Importer(815301076,1909f56bfc062723c751e8b465ee728b)
Start importing Assets/Profab/Maze.prefab using Guid(0db024e03c2bcf24b90ba5b76480f654) Importer(815301076,1909f56bfc062723c751e8b465ee728b)  -> (artifact id: 'bdb5c5cd1e6883358d9659ea44310c68') in 0.018212 seconds 
========================================================================
Received Import Request.
  Time since last request: 421.345052 seconds.
  path: ProjectSettings/TagManager.asset
  artifactKey: Guid(00000000000000003000000000000000) Importer(815301076,1909f56bfc062723c751e8b465ee728b)
Start importing ProjectSettings/TagManager.asset using Guid(00000000000000003000000000000000) Importer(815301076,1909f56bfc062723c751e8b465ee728b)  -> (artifact id: 'ce6a35c3cddc746e7501c0bd0ed6d4ce') in 0.010205 seconds 
AssetImportWorkerClient::OnTransportError - code=2 error=End of file
