Using pre-set license
Built from '2020.3/staging' branch; Version is '2020.3.38f1 (8f5fde82e2dc) revision 9396190'; Using compiler version '192528614'; Build Type 'Release'
OS: 'Windows 11  (10.0.22621) 64bit Professional' Language: 'ko' Physical Memory: 32620 MB
BatchMode: 1, IsHumanControllingUs: 0, StartBugReporterOnCrash: 0, Is64bit: 1, IsPro: 0

COMMAND LINE ARGUMENTS:
C:\Program Files\Unity\Hub\Editor\2020.3.38f1\Editor\Unity.exe
-adb2
-batchMode
-noUpm
-name
AssetImportWorker0
-projectPath
C:/Users/r283/Desktop/Github/ComputerGraphicsUnity/PuckMan3D
-logFile
Logs/AssetImportWorker0.log
-srvPort
52475
Successfully changed project path to: C:/Users/r283/Desktop/Github/ComputerGraphicsUnity/PuckMan3D
C:/Users/r283/Desktop/Github/ComputerGraphicsUnity/PuckMan3D
Using Asset Import Pipeline V2.
Refreshing native plugins compatible for Editor in 27.09 ms, found 2 plugins.
Preloading 0 native plugins for Editor in 0.00 ms.
Initialize engine version: 2020.3.38f1 (8f5fde82e2dc)
[Subsystems] Discovering subsystems at path C:/Program Files/Unity/Hub/Editor/2020.3.38f1/Editor/Data/Resources/UnitySubsystems
[Subsystems] Discovering subsystems at path C:/Users/r283/Desktop/Github/ComputerGraphicsUnity/PuckMan3D/Assets
GfxDevice: creating device client; threaded=0
Direct3D:
    Version:  Direct3D 11.0 [level 11.1]
    Renderer: NVIDIA GeForce RTX 3070 Laptop GPU (ID=0x24dd)
    Vendor:   
    VRAM:     8033 MB
    Driver:   31.0.15.2686
Initialize mono
Mono path[0] = 'C:/Program Files/Unity/Hub/Editor/2020.3.38f1/Editor/Data/Managed'
Mono path[1] = 'C:/Program Files/Unity/Hub/Editor/2020.3.38f1/Editor/Data/MonoBleedingEdge/lib/mono/unityjit'
Mono config path = 'C:/Program Files/Unity/Hub/Editor/2020.3.38f1/Editor/Data/MonoBleedingEdge/etc'
Using monoOptions --debugger-agent=transport=dt_socket,embedding=1,server=y,suspend=n,address=127.0.0.1:56632
Begin MonoManager ReloadAssembly
Registering precompiled unity dll's ...
Register platform support module: C:/Program Files/Unity/Hub/Editor/2020.3.38f1/Editor/Data/PlaybackEngines/WindowsStandaloneSupport/UnityEditor.WindowsStandalone.Extensions.dll
Registered in 0.107644 seconds.
Native extension for WindowsStandalone target not found
Refreshing native plugins compatible for Editor in 25.35 ms, found 2 plugins.
Preloading 0 native plugins for Editor in 0.00 ms.
Mono: successfully reloaded assembly
- Completed reload, in  4.517 seconds
Domain Reload Profiling:
	ReloadAssembly (4517ms)
		BeginReloadAssembly (3468ms)
			ExecutionOrderSort (0ms)
			DisableScriptedObjects (0ms)
			BackupInstance (0ms)
			ReleaseScriptingObjects (0ms)
			CreateAndSetChildDomain (1ms)
		EndReloadAssembly (751ms)
			LoadAssemblies (3466ms)
			RebuildTransferFunctionScriptingTraits (0ms)
			SetupTypeCache (508ms)
			ReleaseScriptCaches (0ms)
			RebuildScriptCaches (21ms)
			SetupLoadedEditorAssemblies (127ms)
				LogAssemblyErrors (0ms)
				InitializePlatformSupportModulesInManaged (3ms)
				SetLoadedEditorAssemblies (0ms)
				RefreshPlugins (25ms)
				BeforeProcessingInitializeOnLoad (13ms)
				ProcessInitializeOnLoadAttributes (59ms)
				ProcessInitializeOnLoadMethodAttributes (25ms)
				AfterProcessingInitializeOnLoad (0ms)
				EditorAssembliesLoaded (0ms)
			ExecutionOrderSort2 (0ms)
			AwakeInstancesAfterBackupRestoration (0ms)
Platform modules already initialized, skipping
Registering precompiled user dll's ...
Registered in 0.621577 seconds.
Begin MonoManager ReloadAssembly
Native extension for WindowsStandalone target not found
Refreshing native plugins compatible for Editor in 0.36 ms, found 2 plugins.
Preloading 0 native plugins for Editor in 0.00 ms.
Mono: successfully reloaded assembly
- Completed reload, in  4.270 seconds
Domain Reload Profiling:
	ReloadAssembly (4275ms)
		BeginReloadAssembly (115ms)
			ExecutionOrderSort (0ms)
			DisableScriptedObjects (3ms)
			BackupInstance (0ms)
			ReleaseScriptingObjects (0ms)
			CreateAndSetChildDomain (17ms)
		EndReloadAssembly (4113ms)
			LoadAssemblies (1777ms)
			RebuildTransferFunctionScriptingTraits (0ms)
			SetupTypeCache (938ms)
			ReleaseScriptCaches (0ms)
			RebuildScriptCaches (29ms)
			SetupLoadedEditorAssemblies (1322ms)
				LogAssemblyErrors (0ms)
				InitializePlatformSupportModulesInManaged (4ms)
				SetLoadedEditorAssemblies (0ms)
				RefreshPlugins (1ms)
				BeforeProcessingInitializeOnLoad (65ms)
				ProcessInitializeOnLoadAttributes (402ms)
				ProcessInitializeOnLoadMethodAttributes (844ms)
				AfterProcessingInitializeOnLoad (7ms)
				EditorAssembliesLoaded (0ms)
			ExecutionOrderSort2 (0ms)
			AwakeInstancesAfterBackupRestoration (1ms)
Platform modules already initialized, skipping
========================================================================
Worker process is ready to serve import requests
Launched and connected shader compiler UnityShaderCompiler.exe after 0.09 seconds
Refreshing native plugins compatible for Editor in 0.36 ms, found 2 plugins.
Preloading 0 native plugins for Editor in 0.00 ms.
Unloading 1541 Unused Serialized files (Serialized files now loaded: 0)
System memory in use before: 75.3 MB.
System memory in use after: 75.3 MB.

Unloading 17 unused Assets to reduce memory usage. Loaded Objects now: 1981.
Total: 2.383800 ms (FindLiveObjects: 0.118000 ms CreateObjectMapping: 0.036800 ms MarkObjects: 2.148700 ms  DeleteObjects: 0.079500 ms)

AssetImportParameters requested are different than current active one (requested -> active):
  custom:framework-win-MediaFoundation: 216162199b28c13a410421893ffa2e32 -> 
  custom:video-decoder-ogg-theora: a1e56fd34408186e4bbccfd4996cb3dc -> 
  custom:container-muxer-webm: aa71ff27fc2769a1b78a27578f13a17b -> 
  custom:container-demuxer-webm: 4f35f7cbe854078d1ac9338744f61a02 -> 
  custom:container-demuxer-ogg: 62fdf1f143b41e24485cea50d1cbac27 -> 
  custom:video-encoder-webm-vp8: eb34c28f22e8b96e1ab97ce403110664 -> 
  custom:video-codec-MediaFoundation-h265: 746d11721c4dcdbdad8f713fa42b33f4 -> 
  custom:video-decoder-webm-vp8: 9c59270c3fd7afecdb556c50c9e8de78 -> 
  custom:audio-decoder-ogg-vorbis: bf7c407c2cedff20999df2af8eb42d56 -> 
  custom:audio-encoder-webm-vorbis: bf7c407c2cedff20999df2af8eb42d56 -> 
========================================================================
Received Import Request.
  path: Assets/Scenes/test.unity
  artifactKey: Guid(b15a8d1181803a3489ce3e8dcab39a8b) Importer(815301076,1909f56bfc062723c751e8b465ee728b)
Start importing Assets/Scenes/test.unity using Guid(b15a8d1181803a3489ce3e8dcab39a8b) Importer(815301076,1909f56bfc062723c751e8b465ee728b)  -> (artifact id: 'd6660324a77e7eecd3e8a2c33c4e69de') in 0.009275 seconds 
========================================================================
Received Import Request.
  Time since last request: 85.076957 seconds.
  path: Assets/Script/Player.cs
  artifactKey: Guid(9c856e234dcba4447bfe2425bd4f06e9) Importer(815301076,1909f56bfc062723c751e8b465ee728b)
Start importing Assets/Script/Player.cs using Guid(9c856e234dcba4447bfe2425bd4f06e9) Importer(815301076,1909f56bfc062723c751e8b465ee728b)  -> (artifact id: '4fb02e4f20933cc818b28cb13f954c00') in 0.029578 seconds 
========================================================================
Received Prepare
Registering precompiled user dll's ...
Registered in 0.004369 seconds.
Begin MonoManager ReloadAssembly
Native extension for WindowsStandalone target not found
Refreshing native plugins compatible for Editor in 0.37 ms, found 2 plugins.
Preloading 0 native plugins for Editor in 0.00 ms.
Mono: successfully reloaded assembly
- Completed reload, in  0.678 seconds
Domain Reload Profiling:
	ReloadAssembly (678ms)
		BeginReloadAssembly (95ms)
			ExecutionOrderSort (0ms)
			DisableScriptedObjects (3ms)
			BackupInstance (0ms)
			ReleaseScriptingObjects (0ms)
			CreateAndSetChildDomain (25ms)
		EndReloadAssembly (537ms)
			LoadAssemblies (76ms)
			RebuildTransferFunctionScriptingTraits (0ms)
			SetupTypeCache (173ms)
			ReleaseScriptCaches (1ms)
			RebuildScriptCaches (25ms)
			SetupLoadedEditorAssemblies (217ms)
				LogAssemblyErrors (0ms)
				InitializePlatformSupportModulesInManaged (4ms)
				SetLoadedEditorAssemblies (0ms)
				RefreshPlugins (0ms)
				BeforeProcessingInitializeOnLoad (57ms)
				ProcessInitializeOnLoadAttributes (138ms)
				ProcessInitializeOnLoadMethodAttributes (10ms)
				AfterProcessingInitializeOnLoad (7ms)
				EditorAssembliesLoaded (0ms)
			ExecutionOrderSort2 (0ms)
			AwakeInstancesAfterBackupRestoration (1ms)
Platform modules already initialized, skipping
Refreshing native plugins compatible for Editor in 0.36 ms, found 2 plugins.
Preloading 0 native plugins for Editor in 0.00 ms.
Unloading 1526 Unused Serialized files (Serialized files now loaded: 0)
System memory in use before: 74.2 MB.
System memory in use after: 74.2 MB.

Unloading 12 unused Assets to reduce memory usage. Loaded Objects now: 1984.
Total: 2.206000 ms (FindLiveObjects: 0.117500 ms CreateObjectMapping: 0.038900 ms MarkObjects: 1.978500 ms  DeleteObjects: 0.070400 ms)

AssetImportParameters requested are different than current active one (requested -> active):
  custom:framework-win-MediaFoundation: 216162199b28c13a410421893ffa2e32 -> 
  custom:video-decoder-ogg-theora: a1e56fd34408186e4bbccfd4996cb3dc -> 
  custom:container-muxer-webm: aa71ff27fc2769a1b78a27578f13a17b -> 
  custom:container-demuxer-webm: 4f35f7cbe854078d1ac9338744f61a02 -> 
  custom:container-demuxer-ogg: 62fdf1f143b41e24485cea50d1cbac27 -> 
  custom:video-encoder-webm-vp8: eb34c28f22e8b96e1ab97ce403110664 -> 
  custom:video-codec-MediaFoundation-h265: 746d11721c4dcdbdad8f713fa42b33f4 -> 
  custom:video-decoder-webm-vp8: 9c59270c3fd7afecdb556c50c9e8de78 -> 
  custom:audio-decoder-ogg-vorbis: bf7c407c2cedff20999df2af8eb42d56 -> 
  custom:audio-encoder-webm-vorbis: bf7c407c2cedff20999df2af8eb42d56 -> 
========================================================================
Received Import Request.
  Time since last request: 56.541697 seconds.
  path: Assets/Script/Player.cs
  artifactKey: Guid(9c856e234dcba4447bfe2425bd4f06e9) Importer(815301076,1909f56bfc062723c751e8b465ee728b)
Start importing Assets/Script/Player.cs using Guid(9c856e234dcba4447bfe2425bd4f06e9) Importer(815301076,1909f56bfc062723c751e8b465ee728b)  -> (artifact id: '5f97fa8d077e486f64c4ae1b4fc74520') in 0.008362 seconds 
========================================================================
Received Import Request.
  Time since last request: 51.444607 seconds.
  path: Assets/UnityChan/Animations
  artifactKey: Guid(75a8d6cfb9e074b4797c4ff42bfc4c05) Importer(815301076,1909f56bfc062723c751e8b465ee728b)
Start importing Assets/UnityChan/Animations using Guid(75a8d6cfb9e074b4797c4ff42bfc4c05) Importer(815301076,1909f56bfc062723c751e8b465ee728b)  -> (artifact id: 'd46dc0e96b1668e5d01583948d7cb4b7') in 0.012092 seconds 
========================================================================
Received Import Request.
  Time since last request: 0.018738 seconds.
  path: Assets/UnityChan/Animations/unitychan_ARpose1.fbx
  artifactKey: Guid(e8397bfde2758f942a04edaaf7ad57ec) Importer(815301076,1909f56bfc062723c751e8b465ee728b)
Start importing Assets/UnityChan/Animations/unitychan_ARpose1.fbx using Guid(e8397bfde2758f942a04edaaf7ad57ec) Importer(815301076,1909f56bfc062723c751e8b465ee728b)  -> (artifact id: 'ae0ef0ec9e45be24a7d3f661a2cc4f01') in 0.045683 seconds 
========================================================================
Received Import Request.
  Time since last request: 0.000198 seconds.
  path: Assets/UnityChan/Animations/unitychan_JUMP01.fbx
  artifactKey: Guid(87486f7b16eedbf4eb26567d70189058) Importer(815301076,1909f56bfc062723c751e8b465ee728b)
Start importing Assets/UnityChan/Animations/unitychan_JUMP01.fbx using Guid(87486f7b16eedbf4eb26567d70189058) Importer(815301076,1909f56bfc062723c751e8b465ee728b)  -> (artifact id: 'dd158f0f25622da730c289d85b4423ec') in 0.096294 seconds 
========================================================================
Received Import Request.
  Time since last request: 0.000203 seconds.
  path: Assets/UnityChan/Animations/unitychan_WALK00_B.fbx
  artifactKey: Guid(20fd7934e77f68e4983c9c0fe97c7117) Importer(815301076,1909f56bfc062723c751e8b465ee728b)
Start importing Assets/UnityChan/Animations/unitychan_WALK00_B.fbx using Guid(20fd7934e77f68e4983c9c0fe97c7117) Importer(815301076,1909f56bfc062723c751e8b465ee728b)  -> (artifact id: 'cbf7a23eaf23d98bf48e66a2cfe4b695') in 0.052557 seconds 
========================================================================
Received Import Request.
  Time since last request: 0.000197 seconds.
  path: Assets/UnityChan/Animations/unitychan_LOSE00.fbx
  artifactKey: Guid(c7df2ec8d896a4a15abc7636d440631b) Importer(815301076,1909f56bfc062723c751e8b465ee728b)
Start importing Assets/UnityChan/Animations/unitychan_LOSE00.fbx using Guid(c7df2ec8d896a4a15abc7636d440631b) Importer(815301076,1909f56bfc062723c751e8b465ee728b)  -> (artifact id: 'cb6777e7d876a2dbcab6b767fadffd32') in 0.055183 seconds 
========================================================================
Received Import Request.
  Time since last request: 0.000185 seconds.
  path: Assets/UnityChan/Animations/unitychan_WALK00_L.fbx
  artifactKey: Guid(564ea08c07b9a764d8be6f0bbdddfc1c) Importer(815301076,1909f56bfc062723c751e8b465ee728b)
Start importing Assets/UnityChan/Animations/unitychan_WALK00_L.fbx using Guid(564ea08c07b9a764d8be6f0bbdddfc1c) Importer(815301076,1909f56bfc062723c751e8b465ee728b)  -> (artifact id: '3eb3bb565d2c1cd3273994f8e031e428') in 0.048918 seconds 
========================================================================
Received Import Request.
  Time since last request: 0.000196 seconds.
  path: Assets/UnityChan/Animations/unitychan_WALK00_R.fbx
  artifactKey: Guid(dbc663f7e83140241a679da3ca9063b7) Importer(815301076,1909f56bfc062723c751e8b465ee728b)
Start importing Assets/UnityChan/Animations/unitychan_WALK00_R.fbx using Guid(dbc663f7e83140241a679da3ca9063b7) Importer(815301076,1909f56bfc062723c751e8b465ee728b)  -> (artifact id: '7193a7af41ce6ae86cc9c5856fee89b1') in 0.051523 seconds 
========================================================================
Received Import Request.
  Time since last request: 0.000175 seconds.
  path: Assets/UnityChan/Animations/unitychan_HANDUP00_R.fbx
  artifactKey: Guid(84ce5ea31570e6b4ca2949b8fe13ee42) Importer(815301076,1909f56bfc062723c751e8b465ee728b)
Start importing Assets/UnityChan/Animations/unitychan_HANDUP00_R.fbx using Guid(84ce5ea31570e6b4ca2949b8fe13ee42) Importer(815301076,1909f56bfc062723c751e8b465ee728b)  -> (artifact id: '1918e0c764238dd990daf43c3ba8a6dd') in 0.052365 seconds 
========================================================================
Received Import Request.
  Time since last request: 0.000237 seconds.
  path: Assets/UnityChan/Animations/unitychan_WIN00.fbx
  artifactKey: Guid(e2538d48c03da46a8b0c3b59d39a4cab) Importer(815301076,1909f56bfc062723c751e8b465ee728b)
Start importing Assets/UnityChan/Animations/unitychan_WIN00.fbx using Guid(e2538d48c03da46a8b0c3b59d39a4cab) Importer(815301076,1909f56bfc062723c751e8b465ee728b)  -> (artifact id: '7c71a40177d393b842c6e49acb3d7a95') in 0.049997 seconds 
========================================================================
Received Import Request.
  Time since last request: 0.000207 seconds.
  path: Assets/UnityChan/Animations/unitychan_RUN00_R.fbx
  artifactKey: Guid(ffe87c9e4c26d174b8df06771ce447bf) Importer(815301076,1909f56bfc062723c751e8b465ee728b)
Start importing Assets/UnityChan/Animations/unitychan_RUN00_R.fbx using Guid(ffe87c9e4c26d174b8df06771ce447bf) Importer(815301076,1909f56bfc062723c751e8b465ee728b)  -> (artifact id: 'b521a4e33cff3e04e6c9a87156c9fafc') in 0.057484 seconds 
========================================================================
Received Import Request.
  Time since last request: 0.000201 seconds.
  path: Assets/UnityChan/Animations/unitychan_WAIT03.fbx
  artifactKey: Guid(f98ead48d3193eb43a7839c6847a5b13) Importer(815301076,1909f56bfc062723c751e8b465ee728b)
Start importing Assets/UnityChan/Animations/unitychan_WAIT03.fbx using Guid(f98ead48d3193eb43a7839c6847a5b13) Importer(815301076,1909f56bfc062723c751e8b465ee728b)  -> (artifact id: '840a7f0092a792cbbeb742fc55da5ac8') in 0.060196 seconds 
========================================================================
Received Import Request.
  Time since last request: 0.000170 seconds.
  path: Assets/UnityChan/Animations/unitychan_DAMAGED01.fbx
  artifactKey: Guid(c895dff4365ad4506ab680fdc4a0afb8) Importer(815301076,1909f56bfc062723c751e8b465ee728b)
Start importing Assets/UnityChan/Animations/unitychan_DAMAGED01.fbx using Guid(c895dff4365ad4506ab680fdc4a0afb8) Importer(815301076,1909f56bfc062723c751e8b465ee728b)  -> (artifact id: 'cc5874994711069b44109a808a351712') in 0.054207 seconds 
========================================================================
Received Import Request.
  Time since last request: 0.000189 seconds.
  path: Assets/UnityChan/Animations/unitychan_WAIT00.fbx
  artifactKey: Guid(0147e212f97e3d449a4b9e4f5d057180) Importer(815301076,1909f56bfc062723c751e8b465ee728b)
Start importing Assets/UnityChan/Animations/unitychan_WAIT00.fbx using Guid(0147e212f97e3d449a4b9e4f5d057180) Importer(815301076,1909f56bfc062723c751e8b465ee728b)  -> (artifact id: '3814dfa94dfa56e1f656b5c8a76e8db9') in 0.051035 seconds 
========================================================================
Received Import Request.
  Time since last request: 0.000194 seconds.
  path: Assets/UnityChan/Animations/unitychan_WAIT04.fbx
  artifactKey: Guid(685e1a7587d604fd8a8a0a56834063bb) Importer(815301076,1909f56bfc062723c751e8b465ee728b)
Start importing Assets/UnityChan/Animations/unitychan_WAIT04.fbx using Guid(685e1a7587d604fd8a8a0a56834063bb) Importer(815301076,1909f56bfc062723c751e8b465ee728b)  -> (artifact id: '1180c024713de8f0e8fa7c8aaa7cfc08') in 0.051922 seconds 
========================================================================
Received Import Request.
  Time since last request: 0.000201 seconds.
  path: Assets/UnityChan/Animations/unitychan_UMATOBI00.fbx
  artifactKey: Guid(8bf916c92a6742d4ea62fd210c3fd0e6) Importer(815301076,1909f56bfc062723c751e8b465ee728b)
Start importing Assets/UnityChan/Animations/unitychan_UMATOBI00.fbx using Guid(8bf916c92a6742d4ea62fd210c3fd0e6) Importer(815301076,1909f56bfc062723c751e8b465ee728b)  -> (artifact id: '1a91d520635fecc57a68fea3b5f3adbc') in 0.045619 seconds 
========================================================================
Received Import Request.
  Time since last request: 0.000193 seconds.
  path: Assets/UnityChan/Animations/unitychan_WAIT01.fbx
  artifactKey: Guid(1e79f5e733df84044a45d6ab05035627) Importer(815301076,1909f56bfc062723c751e8b465ee728b)
Start importing Assets/UnityChan/Animations/unitychan_WAIT01.fbx using Guid(1e79f5e733df84044a45d6ab05035627) Importer(815301076,1909f56bfc062723c751e8b465ee728b)  -> (artifact id: '0b4c8b528cddd27fe90e5f5108726e2f') in 0.054669 seconds 
========================================================================
Received Import Request.
  Time since last request: 0.000206 seconds.
  path: Assets/UnityChan/Animations/unitychan_ARpose2.fbx
  artifactKey: Guid(edd51f298e7994c498b99bd24c098f52) Importer(815301076,1909f56bfc062723c751e8b465ee728b)
Start importing Assets/UnityChan/Animations/unitychan_ARpose2.fbx using Guid(edd51f298e7994c498b99bd24c098f52) Importer(815301076,1909f56bfc062723c751e8b465ee728b)  -> (artifact id: 'fbcf0580902e4754ef1d3c7a28c590b9') in 0.033946 seconds 
========================================================================
Received Import Request.
  Time since last request: 0.000220 seconds.
  path: Assets/UnityChan/Animations/unitychan_DAMAGED00.fbx
  artifactKey: Guid(6dd5b57ca7c0d48e4b3e9061e1c88d18) Importer(815301076,1909f56bfc062723c751e8b465ee728b)
Start importing Assets/UnityChan/Animations/unitychan_DAMAGED00.fbx using Guid(6dd5b57ca7c0d48e4b3e9061e1c88d18) Importer(815301076,1909f56bfc062723c751e8b465ee728b)  -> (artifact id: '8d279f394f0c5628f8a0081ef0d22b50') in 0.049044 seconds 
========================================================================
Received Import Request.
  Time since last request: 0.000222 seconds.
  path: Assets/UnityChan/Animations/unitychan_WALK00_F.fbx
  artifactKey: Guid(e52be2fa48716194ea1d9d76686005f8) Importer(815301076,1909f56bfc062723c751e8b465ee728b)
Start importing Assets/UnityChan/Animations/unitychan_WALK00_F.fbx using Guid(e52be2fa48716194ea1d9d76686005f8) Importer(815301076,1909f56bfc062723c751e8b465ee728b)  -> (artifact id: '01989e9afd17c765086c7d751e18af66') in 0.048246 seconds 
========================================================================
Received Import Request.
  Time since last request: 0.000184 seconds.
  path: Assets/UnityChan/Animations/unitychan_JUMP00B.fbx
  artifactKey: Guid(d6fd0c7048894427c8663615237d6a77) Importer(815301076,1909f56bfc062723c751e8b465ee728b)
Start importing Assets/UnityChan/Animations/unitychan_JUMP00B.fbx using Guid(d6fd0c7048894427c8663615237d6a77) Importer(815301076,1909f56bfc062723c751e8b465ee728b)  -> (artifact id: '28d8452ad9df510266cd4b20831e6548') in 0.049890 seconds 
========================================================================
Received Import Request.
  Time since last request: 0.000210 seconds.
  path: Assets/UnityChan/Animations/unitychan_REFLESH00.fbx
  artifactKey: Guid(842226a6a478847f9b6f5c746ae1cb95) Importer(815301076,1909f56bfc062723c751e8b465ee728b)
Start importing Assets/UnityChan/Animations/unitychan_REFLESH00.fbx using Guid(842226a6a478847f9b6f5c746ae1cb95) Importer(815301076,1909f56bfc062723c751e8b465ee728b)  -> (artifact id: 'fcd5511a1135c996a2c5ff4ad2fd36cf') in 0.055441 seconds 
========================================================================
Received Import Request.
  Time since last request: 0.000270 seconds.
  path: Assets/UnityChan/Animations/unitychan_WAIT02.fbx
  artifactKey: Guid(e54e2e1fa0a994b389fe0654511fac47) Importer(815301076,1909f56bfc062723c751e8b465ee728b)
Start importing Assets/UnityChan/Animations/unitychan_WAIT02.fbx using Guid(e54e2e1fa0a994b389fe0654511fac47) Importer(815301076,1909f56bfc062723c751e8b465ee728b)  -> (artifact id: '58a16c0aaa51b8ae24d5f040ded8b6cb') in 0.059796 seconds 
========================================================================
Received Import Request.
  Time since last request: 0.000182 seconds.
  path: Assets/UnityChan/Animations/unitychan_JUMP01B.fbx
  artifactKey: Guid(c49b7faf71cf048418fe526d8e233c8e) Importer(815301076,1909f56bfc062723c751e8b465ee728b)
Start importing Assets/UnityChan/Animations/unitychan_JUMP01B.fbx using Guid(c49b7faf71cf048418fe526d8e233c8e) Importer(815301076,1909f56bfc062723c751e8b465ee728b)  -> (artifact id: 'dcc16399490cc02d5f10d0135a5b8761') in 0.047184 seconds 
========================================================================
Received Import Request.
  Time since last request: 0.000196 seconds.
  path: Assets/UnityChan/Animations/unitychan_RUN00_F.fbx
  artifactKey: Guid(26055e26f15260e4e8e0e51f50c41926) Importer(815301076,1909f56bfc062723c751e8b465ee728b)
Start importing Assets/UnityChan/Animations/unitychan_RUN00_F.fbx using Guid(26055e26f15260e4e8e0e51f50c41926) Importer(815301076,1909f56bfc062723c751e8b465ee728b)  -> (artifact id: '9fdf53ae8fac41513a7bb483281a8774') in 0.044431 seconds 
========================================================================
Received Import Request.
  Time since last request: 0.000188 seconds.
  path: Assets/UnityChan/Animations/unitychan_RUN00_L.fbx
  artifactKey: Guid(dc7b7dc0360ab494ea2e7625162c6ca3) Importer(815301076,1909f56bfc062723c751e8b465ee728b)
Start importing Assets/UnityChan/Animations/unitychan_RUN00_L.fbx using Guid(dc7b7dc0360ab494ea2e7625162c6ca3) Importer(815301076,1909f56bfc062723c751e8b465ee728b)  -> (artifact id: '4a3ba88dec6089064c87678dafc03a91') in 0.045470 seconds 
========================================================================
Received Import Request.
  Time since last request: 0.000200 seconds.
  path: Assets/UnityChan/Animations/unitychan_SLIDE00.fbx
  artifactKey: Guid(a3657ebe445392e44a81a7b112b9cf0c) Importer(815301076,1909f56bfc062723c751e8b465ee728b)
Start importing Assets/UnityChan/Animations/unitychan_SLIDE00.fbx using Guid(a3657ebe445392e44a81a7b112b9cf0c) Importer(815301076,1909f56bfc062723c751e8b465ee728b)  -> (artifact id: '22252e1dd9a914c72edd6249a32ca2c9') in 0.046636 seconds 
========================================================================
Received Import Request.
  Time since last request: 0.000191 seconds.
  path: Assets/UnityChan/Animations/unitychan_JUMP00.fbx
  artifactKey: Guid(ac75d16809dc0054d8e3449e7ba665f2) Importer(815301076,1909f56bfc062723c751e8b465ee728b)
Start importing Assets/UnityChan/Animations/unitychan_JUMP00.fbx using Guid(ac75d16809dc0054d8e3449e7ba665f2) Importer(815301076,1909f56bfc062723c751e8b465ee728b)  -> (artifact id: 'f48ec40499151698eede886c22a6750e') in 0.045259 seconds 
========================================================================
Received Prepare
Registering precompiled user dll's ...
Registered in 0.004202 seconds.
Begin MonoManager ReloadAssembly
Native extension for WindowsStandalone target not found
Refreshing native plugins compatible for Editor in 0.48 ms, found 2 plugins.
Preloading 0 native plugins for Editor in 0.00 ms.
Mono: successfully reloaded assembly
- Completed reload, in  0.953 seconds
Domain Reload Profiling:
	ReloadAssembly (954ms)
		BeginReloadAssembly (126ms)
			ExecutionOrderSort (0ms)
			DisableScriptedObjects (4ms)
			BackupInstance (0ms)
			ReleaseScriptingObjects (0ms)
			CreateAndSetChildDomain (29ms)
		EndReloadAssembly (760ms)
			LoadAssemblies (117ms)
			RebuildTransferFunctionScriptingTraits (0ms)
			SetupTypeCache (259ms)
			ReleaseScriptCaches (1ms)
			RebuildScriptCaches (37ms)
			SetupLoadedEditorAssemblies (288ms)
				LogAssemblyErrors (0ms)
				InitializePlatformSupportModulesInManaged (6ms)
				SetLoadedEditorAssemblies (1ms)
				RefreshPlugins (1ms)
				BeforeProcessingInitializeOnLoad (89ms)
				ProcessInitializeOnLoadAttributes (172ms)
				ProcessInitializeOnLoadMethodAttributes (12ms)
				AfterProcessingInitializeOnLoad (8ms)
				EditorAssembliesLoaded (0ms)
			ExecutionOrderSort2 (0ms)
			AwakeInstancesAfterBackupRestoration (2ms)
Platform modules already initialized, skipping
Refreshing native plugins compatible for Editor in 0.41 ms, found 2 plugins.
Preloading 0 native plugins for Editor in 0.00 ms.
Unloading 1526 Unused Serialized files (Serialized files now loaded: 0)
System memory in use before: 79.0 MB.
System memory in use after: 79.1 MB.

Unloading 13 unused Assets to reduce memory usage. Loaded Objects now: 1998.
Total: 2.508600 ms (FindLiveObjects: 0.125300 ms CreateObjectMapping: 0.038300 ms MarkObjects: 2.273700 ms  DeleteObjects: 0.070800 ms)

AssetImportParameters requested are different than current active one (requested -> active):
  custom:framework-win-MediaFoundation: 216162199b28c13a410421893ffa2e32 -> 
  custom:video-decoder-ogg-theora: a1e56fd34408186e4bbccfd4996cb3dc -> 
  custom:container-muxer-webm: aa71ff27fc2769a1b78a27578f13a17b -> 
  custom:container-demuxer-webm: 4f35f7cbe854078d1ac9338744f61a02 -> 
  custom:container-demuxer-ogg: 62fdf1f143b41e24485cea50d1cbac27 -> 
  custom:video-encoder-webm-vp8: eb34c28f22e8b96e1ab97ce403110664 -> 
  custom:video-codec-MediaFoundation-h265: 746d11721c4dcdbdad8f713fa42b33f4 -> 
  custom:video-decoder-webm-vp8: 9c59270c3fd7afecdb556c50c9e8de78 -> 
  custom:audio-decoder-ogg-vorbis: bf7c407c2cedff20999df2af8eb42d56 -> 
  custom:audio-encoder-webm-vorbis: bf7c407c2cedff20999df2af8eb42d56 -> 
========================================================================
Received Prepare
Registering precompiled user dll's ...
Registered in 0.003099 seconds.
Begin MonoManager ReloadAssembly
Native extension for WindowsStandalone target not found
Refreshing native plugins compatible for Editor in 0.38 ms, found 2 plugins.
Preloading 0 native plugins for Editor in 0.00 ms.
Mono: successfully reloaded assembly
- Completed reload, in  0.678 seconds
Domain Reload Profiling:
	ReloadAssembly (678ms)
		BeginReloadAssembly (94ms)
			ExecutionOrderSort (0ms)
			DisableScriptedObjects (3ms)
			BackupInstance (0ms)
			ReleaseScriptingObjects (0ms)
			CreateAndSetChildDomain (24ms)
		EndReloadAssembly (538ms)
			LoadAssemblies (78ms)
			RebuildTransferFunctionScriptingTraits (0ms)
			SetupTypeCache (170ms)
			ReleaseScriptCaches (1ms)
			RebuildScriptCaches (24ms)
			SetupLoadedEditorAssemblies (222ms)
				LogAssemblyErrors (0ms)
				InitializePlatformSupportModulesInManaged (3ms)
				SetLoadedEditorAssemblies (0ms)
				RefreshPlugins (0ms)
				BeforeProcessingInitializeOnLoad (58ms)
				ProcessInitializeOnLoadAttributes (142ms)
				ProcessInitializeOnLoadMethodAttributes (10ms)
				AfterProcessingInitializeOnLoad (7ms)
				EditorAssembliesLoaded (0ms)
			ExecutionOrderSort2 (0ms)
			AwakeInstancesAfterBackupRestoration (2ms)
Platform modules already initialized, skipping
Refreshing native plugins compatible for Editor in 0.38 ms, found 2 plugins.
Preloading 0 native plugins for Editor in 0.00 ms.
Unloading 1526 Unused Serialized files (Serialized files now loaded: 0)
System memory in use before: 79.0 MB.
System memory in use after: 79.1 MB.

Unloading 12 unused Assets to reduce memory usage. Loaded Objects now: 2001.
Total: 2.278900 ms (FindLiveObjects: 0.122700 ms CreateObjectMapping: 0.038500 ms MarkObjects: 2.061400 ms  DeleteObjects: 0.054800 ms)

AssetImportParameters requested are different than current active one (requested -> active):
  custom:framework-win-MediaFoundation: 216162199b28c13a410421893ffa2e32 -> 
  custom:video-decoder-ogg-theora: a1e56fd34408186e4bbccfd4996cb3dc -> 
  custom:container-muxer-webm: aa71ff27fc2769a1b78a27578f13a17b -> 
  custom:container-demuxer-webm: 4f35f7cbe854078d1ac9338744f61a02 -> 
  custom:container-demuxer-ogg: 62fdf1f143b41e24485cea50d1cbac27 -> 
  custom:video-encoder-webm-vp8: eb34c28f22e8b96e1ab97ce403110664 -> 
  custom:video-codec-MediaFoundation-h265: 746d11721c4dcdbdad8f713fa42b33f4 -> 
  custom:video-decoder-webm-vp8: 9c59270c3fd7afecdb556c50c9e8de78 -> 
  custom:audio-decoder-ogg-vorbis: bf7c407c2cedff20999df2af8eb42d56 -> 
  custom:audio-encoder-webm-vorbis: bf7c407c2cedff20999df2af8eb42d56 -> 
========================================================================
Received Import Request.
  Time since last request: 188.547912 seconds.
  path: Assets/Script/Player.cs
  artifactKey: Guid(9c856e234dcba4447bfe2425bd4f06e9) Importer(815301076,1909f56bfc062723c751e8b465ee728b)
Start importing Assets/Script/Player.cs using Guid(9c856e234dcba4447bfe2425bd4f06e9) Importer(815301076,1909f56bfc062723c751e8b465ee728b)  -> (artifact id: 'f7cf7e7fcb9a4510a31bdfbf242216a9') in 0.007377 seconds 
========================================================================
Received Prepare
Registering precompiled user dll's ...
Registered in 0.004032 seconds.
Begin MonoManager ReloadAssembly
Native extension for WindowsStandalone target not found
Refreshing native plugins compatible for Editor in 0.42 ms, found 2 plugins.
Preloading 0 native plugins for Editor in 0.00 ms.
Mono: successfully reloaded assembly
- Completed reload, in  0.953 seconds
Domain Reload Profiling:
	ReloadAssembly (954ms)
		BeginReloadAssembly (119ms)
			ExecutionOrderSort (0ms)
			DisableScriptedObjects (4ms)
			BackupInstance (0ms)
			ReleaseScriptingObjects (0ms)
			CreateAndSetChildDomain (27ms)
		EndReloadAssembly (770ms)
			LoadAssemblies (106ms)
			RebuildTransferFunctionScriptingTraits (0ms)
			SetupTypeCache (265ms)
			ReleaseScriptCaches (1ms)
			RebuildScriptCaches (39ms)
			SetupLoadedEditorAssemblies (294ms)
				LogAssemblyErrors (0ms)
				InitializePlatformSupportModulesInManaged (4ms)
				SetLoadedEditorAssemblies (1ms)
				RefreshPlugins (1ms)
				BeforeProcessingInitializeOnLoad (91ms)
				ProcessInitializeOnLoadAttributes (175ms)
				ProcessInitializeOnLoadMethodAttributes (14ms)
				AfterProcessingInitializeOnLoad (8ms)
				EditorAssembliesLoaded (0ms)
			ExecutionOrderSort2 (0ms)
			AwakeInstancesAfterBackupRestoration (2ms)
Platform modules already initialized, skipping
Refreshing native plugins compatible for Editor in 0.41 ms, found 2 plugins.
Preloading 0 native plugins for Editor in 0.00 ms.
Unloading 1526 Unused Serialized files (Serialized files now loaded: 0)
System memory in use before: 79.0 MB.
System memory in use after: 79.1 MB.

Unloading 12 unused Assets to reduce memory usage. Loaded Objects now: 2004.
Total: 2.730400 ms (FindLiveObjects: 0.118600 ms CreateObjectMapping: 0.037900 ms MarkObjects: 2.504000 ms  DeleteObjects: 0.069100 ms)

AssetImportParameters requested are different than current active one (requested -> active):
  custom:framework-win-MediaFoundation: 216162199b28c13a410421893ffa2e32 -> 
  custom:video-decoder-ogg-theora: a1e56fd34408186e4bbccfd4996cb3dc -> 
  custom:container-muxer-webm: aa71ff27fc2769a1b78a27578f13a17b -> 
  custom:container-demuxer-webm: 4f35f7cbe854078d1ac9338744f61a02 -> 
  custom:container-demuxer-ogg: 62fdf1f143b41e24485cea50d1cbac27 -> 
  custom:video-encoder-webm-vp8: eb34c28f22e8b96e1ab97ce403110664 -> 
  custom:video-codec-MediaFoundation-h265: 746d11721c4dcdbdad8f713fa42b33f4 -> 
  custom:video-decoder-webm-vp8: 9c59270c3fd7afecdb556c50c9e8de78 -> 
  custom:audio-decoder-ogg-vorbis: bf7c407c2cedff20999df2af8eb42d56 -> 
  custom:audio-encoder-webm-vorbis: bf7c407c2cedff20999df2af8eb42d56 -> 
========================================================================
Received Import Request.
  Time since last request: 50.070571 seconds.
  path: Assets/Script/Player.cs
  artifactKey: Guid(9c856e234dcba4447bfe2425bd4f06e9) Importer(815301076,1909f56bfc062723c751e8b465ee728b)
Start importing Assets/Script/Player.cs using Guid(9c856e234dcba4447bfe2425bd4f06e9) Importer(815301076,1909f56bfc062723c751e8b465ee728b)  -> (artifact id: 'ebfb2cce3eee607dd1d385533c820f45') in 0.005597 seconds 
========================================================================
Received Prepare
Registering precompiled user dll's ...
Registered in 0.003461 seconds.
Begin MonoManager ReloadAssembly
Native extension for WindowsStandalone target not found
Refreshing native plugins compatible for Editor in 0.37 ms, found 2 plugins.
Preloading 0 native plugins for Editor in 0.00 ms.
Mono: successfully reloaded assembly
- Completed reload, in  0.707 seconds
Domain Reload Profiling:
	ReloadAssembly (708ms)
		BeginReloadAssembly (97ms)
			ExecutionOrderSort (0ms)
			DisableScriptedObjects (3ms)
			BackupInstance (0ms)
			ReleaseScriptingObjects (0ms)
			CreateAndSetChildDomain (24ms)
		EndReloadAssembly (560ms)
			LoadAssemblies (84ms)
			RebuildTransferFunctionScriptingTraits (0ms)
			SetupTypeCache (174ms)
			ReleaseScriptCaches (1ms)
			RebuildScriptCaches (25ms)
			SetupLoadedEditorAssemblies (232ms)
				LogAssemblyErrors (0ms)
				InitializePlatformSupportModulesInManaged (3ms)
				SetLoadedEditorAssemblies (0ms)
				RefreshPlugins (0ms)
				BeforeProcessingInitializeOnLoad (61ms)
				ProcessInitializeOnLoadAttributes (146ms)
				ProcessInitializeOnLoadMethodAttributes (12ms)
				AfterProcessingInitializeOnLoad (9ms)
				EditorAssembliesLoaded (0ms)
			ExecutionOrderSort2 (0ms)
			AwakeInstancesAfterBackupRestoration (2ms)
Platform modules already initialized, skipping
Refreshing native plugins compatible for Editor in 0.38 ms, found 2 plugins.
Preloading 0 native plugins for Editor in 0.00 ms.
Unloading 1526 Unused Serialized files (Serialized files now loaded: 0)
System memory in use before: 79.0 MB.
System memory in use after: 79.1 MB.

Unloading 12 unused Assets to reduce memory usage. Loaded Objects now: 2007.
Total: 2.394300 ms (FindLiveObjects: 0.121400 ms CreateObjectMapping: 0.046700 ms MarkObjects: 2.159800 ms  DeleteObjects: 0.065500 ms)

AssetImportParameters requested are different than current active one (requested -> active):
  custom:framework-win-MediaFoundation: 216162199b28c13a410421893ffa2e32 -> 
  custom:video-decoder-ogg-theora: a1e56fd34408186e4bbccfd4996cb3dc -> 
  custom:container-muxer-webm: aa71ff27fc2769a1b78a27578f13a17b -> 
  custom:container-demuxer-webm: 4f35f7cbe854078d1ac9338744f61a02 -> 
  custom:container-demuxer-ogg: 62fdf1f143b41e24485cea50d1cbac27 -> 
  custom:video-encoder-webm-vp8: eb34c28f22e8b96e1ab97ce403110664 -> 
  custom:video-codec-MediaFoundation-h265: 746d11721c4dcdbdad8f713fa42b33f4 -> 
  custom:video-decoder-webm-vp8: 9c59270c3fd7afecdb556c50c9e8de78 -> 
  custom:audio-decoder-ogg-vorbis: bf7c407c2cedff20999df2af8eb42d56 -> 
  custom:audio-encoder-webm-vorbis: bf7c407c2cedff20999df2af8eb42d56 -> 
========================================================================
Received Prepare
Registering precompiled user dll's ...
Registered in 0.003549 seconds.
Begin MonoManager ReloadAssembly
Native extension for WindowsStandalone target not found
Refreshing native plugins compatible for Editor in 0.39 ms, found 2 plugins.
Preloading 0 native plugins for Editor in 0.00 ms.
Mono: successfully reloaded assembly
- Completed reload, in  0.689 seconds
Domain Reload Profiling:
	ReloadAssembly (689ms)
		BeginReloadAssembly (109ms)
			ExecutionOrderSort (0ms)
			DisableScriptedObjects (4ms)
			BackupInstance (0ms)
			ReleaseScriptingObjects (0ms)
			CreateAndSetChildDomain (28ms)
		EndReloadAssembly (528ms)
			LoadAssemblies (84ms)
			RebuildTransferFunctionScriptingTraits (0ms)
			SetupTypeCache (174ms)
			ReleaseScriptCaches (1ms)
			RebuildScriptCaches (24ms)
			SetupLoadedEditorAssemblies (211ms)
				LogAssemblyErrors (0ms)
				InitializePlatformSupportModulesInManaged (3ms)
				SetLoadedEditorAssemblies (0ms)
				RefreshPlugins (0ms)
				BeforeProcessingInitializeOnLoad (55ms)
				ProcessInitializeOnLoadAttributes (136ms)
				ProcessInitializeOnLoadMethodAttributes (10ms)
				AfterProcessingInitializeOnLoad (6ms)
				EditorAssembliesLoaded (0ms)
			ExecutionOrderSort2 (0ms)
			AwakeInstancesAfterBackupRestoration (1ms)
Platform modules already initialized, skipping
Refreshing native plugins compatible for Editor in 0.36 ms, found 2 plugins.
Preloading 0 native plugins for Editor in 0.00 ms.
Unloading 1526 Unused Serialized files (Serialized files now loaded: 0)
System memory in use before: 79.0 MB.
System memory in use after: 79.1 MB.

Unloading 12 unused Assets to reduce memory usage. Loaded Objects now: 2010.
Total: 2.310800 ms (FindLiveObjects: 0.129700 ms CreateObjectMapping: 0.039400 ms MarkObjects: 2.084700 ms  DeleteObjects: 0.056200 ms)

AssetImportParameters requested are different than current active one (requested -> active):
  custom:framework-win-MediaFoundation: 216162199b28c13a410421893ffa2e32 -> 
  custom:video-decoder-ogg-theora: a1e56fd34408186e4bbccfd4996cb3dc -> 
  custom:container-muxer-webm: aa71ff27fc2769a1b78a27578f13a17b -> 
  custom:container-demuxer-webm: 4f35f7cbe854078d1ac9338744f61a02 -> 
  custom:container-demuxer-ogg: 62fdf1f143b41e24485cea50d1cbac27 -> 
  custom:video-encoder-webm-vp8: eb34c28f22e8b96e1ab97ce403110664 -> 
  custom:video-codec-MediaFoundation-h265: 746d11721c4dcdbdad8f713fa42b33f4 -> 
  custom:video-decoder-webm-vp8: 9c59270c3fd7afecdb556c50c9e8de78 -> 
  custom:audio-decoder-ogg-vorbis: bf7c407c2cedff20999df2af8eb42d56 -> 
  custom:audio-encoder-webm-vorbis: bf7c407c2cedff20999df2af8eb42d56 -> 
AssetImportWorkerClient::OnTransportError - code=2 error=End of file
